<?xml version="1.0" encoding="UTF-8"?>
<!-- Generated by org.testng.reporters.JUnitReportReporter -->
<testsuite skipped="0" hostname="DESKTOP-SFOUNT5" name="org.sample.TestNGOrder" tests="4" failures="0" timestamp="07 Dec 2021 14:06:06 GMT" time="65.933" errors="0">
  <testcase name="tc3" time="8.080" classname="org.sample.TestNGOrder"/>
  <testcase name="tc3" time="4.164" classname="org.sample.TestNGOrder"/>
  <testcase name="tc3" time="42.204" classname="org.sample.TestNGOrder"/>
  <testcase name="tc3" time="11.485" classname="org.sample.TestNGOrder"/>
</testsuite> <!-- org.sample.TestNGOrder -->
