<?xml version="1.0" encoding="UTF-8"?>
<!-- Generated by org.testng.reporters.JUnitReportReporter -->
<testsuite skipped="0" hostname="DESKTOP-SFOUNT5" name="org.sample.Sample" tests="3" failures="0" timestamp="09 Dec 2021 10:18:46 GMT" time="41.715" errors="0">
  <testcase name="tc4" time="8.456" classname="org.sample.Sample"/>
  <testcase name="tc4" time="15.584" classname="org.sample.Sample"/>
  <testcase name="tc4" time="17.675" classname="org.sample.Sample"/>
</testsuite> <!-- org.sample.Sample -->
